{"/Users/saifudheenvk/saifu_projects/node_advanced/tdd/src/AddNumbers.js": {"path":"/Users/saifudheenvk/saifu_projects/node_advanced/tdd/src/AddNumbers.js","statementMap":{},"fnMap":{"0":{"name":"(anonymous_0)","decl":{"start":{"line":4,"column":4},"end":{"line":4,"column":5}},"loc":{"start":{"line":4,"column":29},"end":{"line":6,"column":5}},"line":4}},"branchMap":{},"s":{},"f":{"0":1},"b":{},"_coverageSchema":"1a1c01bbd47fc00a2c39e90264f33305004495a9","hash":"cdd356ef66125842554abedc1a320a274918cc7e"}
,"/Users/saifudheenvk/saifu_projects/node_advanced/tdd/src/controller/index.js": {"path":"/Users/saifudheenvk/saifu_projects/node_advanced/tdd/src/controller/index.js","statementMap":{"0":{"start":{"line":6,"column":33},"end":{"line":6,"column":42}},"1":{"start":{"line":7,"column":23},"end":{"line":7,"column":68}},"2":{"start":{"line":8,"column":8},"end":{"line":8,"column":29}}},"fnMap":{"0":{"name":"(anonymous_0)","decl":{"start":{"line":5,"column":4},"end":{"line":5,"column":5}},"loc":{"start":{"line":5,"column":31},"end":{"line":9,"column":5}},"line":5}},"branchMap":{},"s":{"0":1,"1":1,"2":1},"f":{"0":1},"b":{},"_coverageSchema":"1a1c01bbd47fc00a2c39e90264f33305004495a9","hash":"b1c89b31c1facdc54cbd119c575112af88e8c1df"}
}
